Maharati Platform Error Log - Started: 2025-08-07 02:52:54
2025-08-07 03:20:03 - Subscription upgrade error: SQLSTATE[42S22]: Column not found: 1054 Unknown column 'updated_at' in 'field list'
2025-08-10 00:53:32 - Update progress error: SQLSTATE[23000]: Integrity constraint violation: 1452 Cannot add or update a child row: a foreign key constraint fails (`maharati_db`.`user_progress`, CONSTRAINT `user_progress_ibfk_1` FOREIGN KEY (`user_id`) REFERENCES `users` (`id`) ON DELETE CASCADE)
2025-08-10 00:54:03 - Failed to save chat conversation: SQLSTATE[23000]: Integrity constraint violation: 1452 Cannot add or update a child row: a foreign key constraint fails (`maharati_db`.`chat_conversations`, CONSTRAINT `chat_conversations_ibfk_1` FOREIGN KEY (`user_id`) REFERENCES `users` (`id`) ON DELETE CASCADE)
2025-08-10 00:54:10 - Failed to save chat conversation: SQLSTATE[23000]: Integrity constraint violation: 1452 Cannot add or update a child row: a foreign key constraint fails (`maharati_db`.`chat_conversations`, CONSTRAINT `chat_conversations_ibfk_1` FOREIGN KEY (`user_id`) REFERENCES `users` (`id`) ON DELETE CASCADE)
2025-08-10 00:54:29 - Failed to save chat conversation: SQLSTATE[23000]: Integrity constraint violation: 1452 Cannot add or update a child row: a foreign key constraint fails (`maharati_db`.`chat_conversations`, CONSTRAINT `chat_conversations_ibfk_1` FOREIGN KEY (`user_id`) REFERENCES `users` (`id`) ON DELETE CASCADE)
2025-08-12 01:54:39 - Failed to save chat conversation: SQLSTATE[23000]: Integrity constraint violation: 1452 Cannot add or update a child row: a foreign key constraint fails (`maharati_db`.`chat_conversations`, CONSTRAINT `chat_conversations_ibfk_1` FOREIGN KEY (`user_id`) REFERENCES `users` (`id`) ON DELETE CASCADE)
2025-08-12 01:54:42 - Failed to save chat conversation: SQLSTATE[23000]: Integrity constraint violation: 1452 Cannot add or update a child row: a foreign key constraint fails (`maharati_db`.`chat_conversations`, CONSTRAINT `chat_conversations_ibfk_1` FOREIGN KEY (`user_id`) REFERENCES `users` (`id`) ON DELETE CASCADE)
2025-08-12 01:54:49 - Failed to save chat conversation: SQLSTATE[23000]: Integrity constraint violation: 1452 Cannot add or update a child row: a foreign key constraint fails (`maharati_db`.`chat_conversations`, CONSTRAINT `chat_conversations_ibfk_1` FOREIGN KEY (`user_id`) REFERENCES `users` (`id`) ON DELETE CASCADE)
2025-08-12 01:54:54 - Failed to save chat conversation: SQLSTATE[23000]: Integrity constraint violation: 1452 Cannot add or update a child row: a foreign key constraint fails (`maharati_db`.`chat_conversations`, CONSTRAINT `chat_conversations_ibfk_1` FOREIGN KEY (`user_id`) REFERENCES `users` (`id`) ON DELETE CASCADE)
2025-08-12 01:54:58 - Failed to save chat conversation: SQLSTATE[23000]: Integrity constraint violation: 1452 Cannot add or update a child row: a foreign key constraint fails (`maharati_db`.`chat_conversations`, CONSTRAINT `chat_conversations_ibfk_1` FOREIGN KEY (`user_id`) REFERENCES `users` (`id`) ON DELETE CASCADE)
2025-08-12 01:55:02 - Failed to save chat conversation: SQLSTATE[23000]: Integrity constraint violation: 1452 Cannot add or update a child row: a foreign key constraint fails (`maharati_db`.`chat_conversations`, CONSTRAINT `chat_conversations_ibfk_1` FOREIGN KEY (`user_id`) REFERENCES `users` (`id`) ON DELETE CASCADE)
2025-08-13 00:56:12 - Get categories error: SQLSTATE[42S02]: Base table or view not found: 1932 Table 'maharati_db.skill_categories' doesn't exist in engine
2025-08-13 00:56:12 - Get daily challenge error: SQLSTATE[42S02]: Base table or view not found: 1932 Table 'maharati_db.daily_challenges' doesn't exist in engine
2025-08-13 00:56:12 - Get skills error: SQLSTATE[42S02]: Base table or view not found: 1932 Table 'maharati_db.skills' doesn't exist in engine
2025-08-13 00:56:19 - Get categories error: SQLSTATE[42S02]: Base table or view not found: 1932 Table 'maharati_db.skill_categories' doesn't exist in engine
2025-08-13 00:56:19 - Get daily challenge error: SQLSTATE[42S02]: Base table or view not found: 1932 Table 'maharati_db.daily_challenges' doesn't exist in engine
2025-08-13 00:56:19 - Get skills error: SQLSTATE[42S02]: Base table or view not found: 1932 Table 'maharati_db.skills' doesn't exist in engine
2025-08-13 00:56:21 - Get categories error: SQLSTATE[42S02]: Base table or view not found: 1932 Table 'maharati_db.skill_categories' doesn't exist in engine
2025-08-13 00:56:21 - Get skills error: SQLSTATE[42S02]: Base table or view not found: 1932 Table 'maharati_db.skills' doesn't exist in engine
2025-08-13 00:56:24 - Get daily challenge error: SQLSTATE[42S02]: Base table or view not found: 1932 Table 'maharati_db.daily_challenges' doesn't exist in engine
2025-08-13 00:56:24 - Get weekly challenges error: SQLSTATE[42S02]: Base table or view not found: 1932 Table 'maharati_db.daily_challenges' doesn't exist in engine
